-------------------------------------------------------------------------------
Test set: edu.iit.sat.itmd4515.nbose1.PetJPARelationshipTest
-------------------------------------------------------------------------------
Tests run: 2, Failures: 0, Errors: 2, Skipped: 0, Time elapsed: 2.478 s <<< FAILURE! -- in edu.iit.sat.itmd4515.nbose1.PetJPARelationshipTest
edu.iit.sat.itmd4515.nbose1.PetJPARelationshipTest.biDirectionalTestCase -- Time elapsed: 0.260 s <<< ERROR!
java.lang.IllegalArgumentException: Object: Pet{id=null, name=TEST DATA, birthDate=2020-12-12, type=CAT} is not a known Entity type.
	at org.eclipse.persistence.internal.sessions.UnitOfWorkImpl.registerNewObjectForPersist(UnitOfWorkImpl.java:4425)
	at org.eclipse.persistence.internal.jpa.EntityManagerImpl.persist(EntityManagerImpl.java:599)
	at edu.iit.sat.itmd4515.nbose1.AbstractJPATest.beforeEach(AbstractJPATest.java:45)
	at java.base/java.lang.reflect.Method.invoke(Method.java:569)
	at java.base/java.util.ArrayList.forEach(ArrayList.java:1511)
	at java.base/java.util.ArrayList.forEach(ArrayList.java:1511)
	Suppressed: java.lang.IllegalArgumentException: An exception occurred while creating a query in EntityManager: 
Exception Description: Problem compiling [select p from Pet p where p.name = 'TEST DATA']. 
[14, 17] The abstract schema type 'Pet' is unknown.
[26, 32] The state field path 'p.name' cannot be resolved to a valid type.
		at org.eclipse.persistence.internal.jpa.EntityManagerImpl.createQuery(EntityManagerImpl.java:1728)
		at org.eclipse.persistence.internal.jpa.EntityManagerImpl.createQuery(EntityManagerImpl.java:1749)
		at edu.iit.sat.itmd4515.nbose1.AbstractJPATest.afterEach(AbstractJPATest.java:55)
		... 3 more
	Caused by: Exception [EclipseLink-0] (Eclipse Persistence Services - 4.0.4.v202407190748-059428cdd2583c46f1f3e50d235854840a6fa9a7): org.eclipse.persistence.exceptions.JPQLException
Exception Description: Problem compiling [select p from Pet p where p.name = 'TEST DATA']. 
[14, 17] The abstract schema type 'Pet' is unknown.
[26, 32] The state field path 'p.name' cannot be resolved to a valid type.
		at org.eclipse.persistence.internal.jpa.jpql.HermesParser.buildException(HermesParser.java:159)
		at org.eclipse.persistence.internal.jpa.jpql.HermesParser.validate(HermesParser.java:337)
		at org.eclipse.persistence.internal.jpa.jpql.HermesParser.populateQueryImp(HermesParser.java:271)
		at org.eclipse.persistence.internal.jpa.jpql.HermesParser.buildQuery(HermesParser.java:164)
		at org.eclipse.persistence.internal.jpa.EJBQueryImpl.buildEJBQLDatabaseQuery(EJBQueryImpl.java:141)
		at org.eclipse.persistence.internal.jpa.EJBQueryImpl.buildEJBQLDatabaseQuery(EJBQueryImpl.java:117)
		at org.eclipse.persistence.internal.jpa.EJBQueryImpl.<init>(EJBQueryImpl.java:104)
		at org.eclipse.persistence.internal.jpa.EJBQueryImpl.<init>(EJBQueryImpl.java:88)
		at org.eclipse.persistence.internal.jpa.EntityManagerImpl.createQuery(EntityManagerImpl.java:1726)
		... 5 more

edu.iit.sat.itmd4515.nbose1.PetJPARelationshipTest.uniDirectionalTestCase -- Time elapsed: 0.005 s <<< ERROR!
java.lang.IllegalArgumentException: Object: Pet{id=null, name=TEST DATA, birthDate=2020-12-12, type=CAT} is not a known Entity type.
	at org.eclipse.persistence.internal.sessions.UnitOfWorkImpl.registerNewObjectForPersist(UnitOfWorkImpl.java:4425)
	at org.eclipse.persistence.internal.jpa.EntityManagerImpl.persist(EntityManagerImpl.java:599)
	at edu.iit.sat.itmd4515.nbose1.AbstractJPATest.beforeEach(AbstractJPATest.java:45)
	at java.base/java.lang.reflect.Method.invoke(Method.java:569)
	at java.base/java.util.ArrayList.forEach(ArrayList.java:1511)
	at java.base/java.util.ArrayList.forEach(ArrayList.java:1511)
	Suppressed: java.lang.IllegalArgumentException: An exception occurred while creating a query in EntityManager: 
Exception Description: Problem compiling [select p from Pet p where p.name = 'TEST DATA']. 
[14, 17] The abstract schema type 'Pet' is unknown.
[26, 32] The state field path 'p.name' cannot be resolved to a valid type.
		at org.eclipse.persistence.internal.jpa.EntityManagerImpl.createQuery(EntityManagerImpl.java:1728)
		at org.eclipse.persistence.internal.jpa.EntityManagerImpl.createQuery(EntityManagerImpl.java:1749)
		at edu.iit.sat.itmd4515.nbose1.AbstractJPATest.afterEach(AbstractJPATest.java:55)
		... 3 more
	Caused by: Exception [EclipseLink-0] (Eclipse Persistence Services - 4.0.4.v202407190748-059428cdd2583c46f1f3e50d235854840a6fa9a7): org.eclipse.persistence.exceptions.JPQLException
Exception Description: Problem compiling [select p from Pet p where p.name = 'TEST DATA']. 
[14, 17] The abstract schema type 'Pet' is unknown.
[26, 32] The state field path 'p.name' cannot be resolved to a valid type.
		at org.eclipse.persistence.internal.jpa.jpql.HermesParser.buildException(HermesParser.java:159)
		at org.eclipse.persistence.internal.jpa.jpql.HermesParser.validate(HermesParser.java:337)
		at org.eclipse.persistence.internal.jpa.jpql.HermesParser.populateQueryImp(HermesParser.java:271)
		at org.eclipse.persistence.internal.jpa.jpql.HermesParser.buildQuery(HermesParser.java:164)
		at org.eclipse.persistence.internal.jpa.EJBQueryImpl.buildEJBQLDatabaseQuery(EJBQueryImpl.java:141)
		at org.eclipse.persistence.internal.jpa.EJBQueryImpl.buildEJBQLDatabaseQuery(EJBQueryImpl.java:117)
		at org.eclipse.persistence.internal.jpa.EJBQueryImpl.<init>(EJBQueryImpl.java:104)
		at org.eclipse.persistence.internal.jpa.EJBQueryImpl.<init>(EJBQueryImpl.java:88)
		at org.eclipse.persistence.internal.jpa.EntityManagerImpl.createQuery(EntityManagerImpl.java:1726)
		... 5 more

