<?xml version="1.0" encoding="UTF-8"?>
<testsuite xmlns:xsi="http://www.w3.org/2001/XMLSchema-instance" xsi:noNamespaceSchemaLocation="https://maven.apache.org/surefire/maven-surefire-plugin/xsd/surefire-test-report-3.0.xsd" version="3.0" name="edu.iit.sat.itmd4515.nbose1.ProductJPATest" time="0.719" tests="4" errors="0" skipped="0" failures="0">
  <properties>
[...]
</properties>
  <testcase name="readTest" classname="edu.iit.sat.itmd4515.nbose1.ProductJPATest" time="0.024">
    <system-out><![CDATA[[EL Info]: 2024-10-02 00:10:08.55--ServerSession(132461369)--EclipseLink, version: Eclipse Persistence Services - 4.0.4.v202407190748-059428cdd2583c46f1f3e50d235854840a6fa9a7
]]></system-out>
  </testcase>
  <testcase name="updateTest" classname="edu.iit.sat.itmd4515.nbose1.ProductJPATest" time="0.02"/>
  <testcase name="createTest" classname="edu.iit.sat.itmd4515.nbose1.ProductJPATest" time="0.019"/>
  <testcase name="deleteTest" classname="edu.iit.sat.itmd4515.nbose1.ProductJPATest" time="0.024"/>
</testsuite>